This file contains any messages produced by compilers while
running configure, to aid debugging if configure makes a mistake.

It was created by muse configure 0.1.0, which was
generated by GNU Autoconf 2.59.  Invocation command line was

  $ ./../../configure 

## --------- ##
## Platform. ##
## --------- ##

hostname = mualhpcp02.hpc.muohio.edu
uname -m = x86_64
uname -r = 2.6.18-308.24.1.el5
uname -s = Linux
uname -v = #1 SMP Tue Dec 4 17:43:34 EST 2012

/usr/bin/uname -p = unknown
/bin/uname -X     = unknown

/bin/arch              = x86_64
/usr/bin/arch -k       = unknown
/usr/convex/getsysinfo = unknown
hostinfo               = unknown
/bin/machine           = unknown
/usr/bin/oslevel       = unknown
/bin/universe          = unknown

PATH: /software/gcc/4.4.4/bin
PATH: /software/openmpi/1.6.4/gnu/bin
PATH: /software/emacs/24.2/bin
PATH: /software/kcachegrind/0.4.6/bin
PATH: /software/valgrind/3.6.1/bin
PATH: /usr/lib64/qt-3.3/bin
PATH: /usr/NX/bin
PATH: /software/gv/3.7.1/bin
PATH: /software/blcr/0.8.2/bin
PATH: /usr/local/moab/5.4.3/bin
PATH: /software/python/2.6.4/bin
PATH: /software/Adobe/Reader9/Adobe/Reader9/bin
PATH: /software/openmpi/1.4.1/intel/bin
PATH: /software/intel/11.1/bin/intel64
PATH: /usr/local/torque/current/bin
PATH: /software/Modules/3.2.7/bin
PATH: /usr/kerberos/bin
PATH: /usr/java/latest/bin
PATH: /usr/local/bin
PATH: /bin
PATH: /usr/bin
PATH: /opt/ganglia/bin
PATH: /opt/ganglia/sbin
PATH: /opt/openmpi/bin/
PATH: /opt/rocks/bin
PATH: /opt/rocks/sbin
PATH: /opt/sun-ct/bin
PATH: /home/bondurpm/bin


## ----------- ##
## Core tests. ##
## ----------- ##

configure:1373: checking for a BSD-compatible install
configure:1428: result: /usr/bin/install -c
configure:1439: checking whether build environment is sane
configure:1482: result: yes
configure:1547: checking for gawk
configure:1563: found /bin/gawk
configure:1573: result: gawk
configure:1583: checking whether make sets $(MAKE)
configure:1603: result: yes
configure:1624: error: source directory already configured; run "make distclean" there first

## ---------------- ##
## Cache variables. ##
## ---------------- ##

ac_cv_env_CC_set=
ac_cv_env_CC_value=
ac_cv_env_CFLAGS_set=
ac_cv_env_CFLAGS_value=
ac_cv_env_CPPFLAGS_set=
ac_cv_env_CPPFLAGS_value=
ac_cv_env_CPP_set=
ac_cv_env_CPP_value=
ac_cv_env_CXXCPP_set=
ac_cv_env_CXXCPP_value=
ac_cv_env_CXXFLAGS_set=
ac_cv_env_CXXFLAGS_value=
ac_cv_env_CXX_set=
ac_cv_env_CXX_value=
ac_cv_env_LDFLAGS_set=
ac_cv_env_LDFLAGS_value=
ac_cv_env_build_alias_set=
ac_cv_env_build_alias_value=
ac_cv_env_host_alias_set=
ac_cv_env_host_alias_value=
ac_cv_env_target_alias_set=
ac_cv_env_target_alias_value=
ac_cv_path_install='/usr/bin/install -c'
ac_cv_prog_AWK=gawk
ac_cv_prog_make_make_set=yes

## ----------------- ##
## Output variables. ##
## ----------------- ##

ACLOCAL=''
AMDEPBACKSLASH=''
AMDEP_FALSE=''
AMDEP_TRUE=''
AMTAR=''
AUTOCONF=''
AUTOHEADER=''
AUTOMAKE=''
AWK='gawk'
CC=''
CCDEPMODE=''
CFLAGS=''
CPP=''
CPPFLAGS=''
CXX=''
CXXCPP=''
CXXDEPMODE=''
CXXFLAGS=''
CYGPATH_W=''
DEFS=''
DEPDIR=''
ECHO_C=''
ECHO_N='-n'
ECHO_T=''
EGREP=''
EXEEXT=''
ICC_NO_WARN_SOME=''
INSTALL_DATA='${INSTALL} -m 644'
INSTALL_PROGRAM='${INSTALL}'
INSTALL_SCRIPT='${INSTALL}'
INSTALL_STRIP_PROGRAM=''
LDFLAGS=''
LIBOBJS=''
LIBS=''
LTLIBOBJS=''
MAKEINFO=''
MPI=''
OBJEXT=''
PACKAGE=''
PACKAGE_BUGREPORT='raodm@muohio.edu'
PACKAGE_NAME='muse'
PACKAGE_STRING='muse 0.1.0'
PACKAGE_TARNAME='muse'
PACKAGE_VERSION='0.1.0'
PATH_SEPARATOR=':'
POW_LIB=''
RANLIB=''
SET_MAKE=''
SHELL='/bin/sh'
STRIP=''
VERSION=''
ac_ct_CC=''
ac_ct_CXX=''
ac_ct_RANLIB=''
ac_ct_STRIP=''
am__fastdepCC_FALSE=''
am__fastdepCC_TRUE=''
am__fastdepCXX_FALSE=''
am__fastdepCXX_TRUE=''
am__include=''
am__leading_dot='.'
am__quote=''
am__tar=''
am__untar=''
bindir='${exec_prefix}/bin'
build_alias=''
datadir='${prefix}/share'
exec_prefix='NONE'
host_alias=''
includedir='${prefix}/include'
infodir='${prefix}/info'
install_sh=''
libdir='${exec_prefix}/lib'
libexecdir='${exec_prefix}/libexec'
localstatedir='${prefix}/var'
mandir='${prefix}/man'
mkdir_p='mkdir -p --'
oldincludedir='/usr/include'
prefix='NONE'
program_transform_name='s,x,x,'
sbindir='${exec_prefix}/sbin'
sharedstatedir='${prefix}/com'
sysconfdir='${prefix}/etc'
target_alias=''

## ----------- ##
## confdefs.h. ##
## ----------- ##

#define PACKAGE_BUGREPORT "raodm@muohio.edu"
#define PACKAGE_NAME "muse"
#define PACKAGE_STRING "muse 0.1.0"
#define PACKAGE_TARNAME "muse"
#define PACKAGE_VERSION "0.1.0"

configure: exit 1
